<?xml version="1.0" encoding="UTF-8"?>
<!-- Generated by org.testng.reporters.JUnitReportReporter -->
<testsuite hostname="Badal-pc" failures="0" tests="1" name="tests.FourTest" time="25.310" errors="0" timestamp="2025-04-11T16:26:39 IST" skipped="0">
  <testcase classname="tests.FourTest" name="testFour" time="25.310"/>
</testsuite> <!-- tests.FourTest -->
