<?xml version="1.0" encoding="UTF-8"?>
<!-- Generated by org.testng.reporters.JUnitReportReporter -->
<testsuite hostname="Badal-pc" failures="0" tests="1" name="runner.Runner" time="12.760" errors="0" timestamp="2025-04-11T18:50:46 IST" skipped="0">
  <testcase classname="runner.Runner" name="runScenario" time="12.760"/>
</testsuite> <!-- runner.Runner -->
