<?xml version="1.0" encoding="UTF-8"?>
<!-- Generated by org.testng.reporters.JUnitReportReporter -->
<testsuite hostname="Badal-pc" failures="0" tests="1" name="tests.ThreeTest" time="0.001" errors="0" timestamp="2025-04-10T17:38:38 IST" skipped="0">
  <testcase classname="tests.ThreeTest" name="testThree" time="0.001"/>
</testsuite> <!-- tests.ThreeTest -->
