<?xml version="1.0" encoding="UTF-8"?>
<!-- Generated by org.testng.reporters.JUnitReportReporter -->
<testsuite hostname="Badal-pc" failures="0" tests="1" name="runner.Runner" time="8.895" errors="0" timestamp="2025-04-11T18:52:28 IST" skipped="0">
  <testcase classname="runner.Runner" name="runScenario" time="8.895"/>
</testsuite> <!-- runner.Runner -->
