<?xml version="1.0" encoding="UTF-8"?>
<!-- Generated by org.testng.reporters.JUnitReportReporter -->
<testsuite hostname="Badal-pc" failures="0" tests="1" name="tests.FourTest" time="0.006" errors="0" timestamp="2025-04-10T17:38:38 IST" skipped="0">
  <testcase classname="tests.FourTest" name="testFour" time="0.006"/>
</testsuite> <!-- tests.FourTest -->
