<?xml version="1.0" encoding="UTF-8"?>
<!-- Generated by org.testng.reporters.JUnitReportReporter -->
<testsuite hostname="Badal-pc" failures="0" tests="2" name="tests.LoginTest" time="50.062" errors="0" timestamp="2025-04-10T17:38:38 IST" skipped="0">
  <testcase classname="tests.LoginTest" name="login" time="30.097"/>
  <testcase classname="tests.LoginTest" name="login" time="19.965"/>
</testsuite> <!-- tests.LoginTest -->
