<?xml version="1.0" encoding="UTF-8"?>
<!-- Generated by org.testng.reporters.JUnitReportReporter -->
<testsuite hostname="Badal-pc" failures="0" tests="1" name="tests.TwoTest" time="0.003" errors="0" timestamp="2025-04-10T17:38:38 IST" skipped="0">
  <testcase classname="tests.TwoTest" name="testTwo" time="0.003"/>
</testsuite> <!-- tests.TwoTest -->
